<?xml version="1.0" encoding="UTF-8"?>
<TestRun id="095da895-b749-477c-a40c-6dbf10a87361" name="S@S-PC 2012-09-26 18:24:57" runUser="S-PC\S" xmlns="http://microsoft.com/schemas/VisualStudio/TeamTest/2010">
  <TestSettings name="Default Test Settings" id="cf68c6f3-3d4a-4103-af18-c24db25efdf6">
    <Deployment runDeploymentRoot="S_S-PC 2012-09-26 18_24_57">
      <DeploymentItem filename="D:\projectz\Registration\Registration\Registration\bin\Debug\Registration.exe" />
      <DeploymentItem filename="C:\Users\S\Downloads\Bin\Net40\Newtonsoft.Json.dll" />
    </Deployment>
    <Execution>
      <TestTypeSpecific />
      <AgentRule name="Execution Agents">
      </AgentRule>
    </Execution>
  </TestSettings>
  <Times creation="2012-09-26T18:24:57.6781044+03:00" queuing="2012-09-26T18:24:57.7921109+03:00" start="2012-09-26T18:24:57.7971112+03:00" finish="2012-09-26T18:24:58.0271243+03:00" />
  <ResultSummary outcome="Completed">
    <Counters total="4" executed="4" passed="4" error="0" failed="0" timeout="0" aborted="0" inconclusive="0" passedButRunAborted="0" notRunnable="0" notExecuted="0" disconnected="0" warning="0" completed="0" inProgress="0" pending="0" />
  </ResultSummary>
  <TestDefinitions>
    <UnitTest name="ComputeStringMD5HashTest" storage="d:\projectz\registration\registration\testproject1\bin\debug\testproject1.dll" id="d7d80565-8a59-b908-391c-7d28c97b825c">
      <Execution id="b6b48f8c-262d-4300-b40f-b26362a1be90" />
      <TestMethod codeBase="D:/projectz/Registration/Registration/TestProject1/bin/Debug/TestProject1.DLL" adapterTypeName="Microsoft.VisualStudio.TestTools.TestTypes.Unit.UnitTestAdapter, Microsoft.VisualStudio.QualityTools.Tips.UnitTest.Adapter, Version=10.0.0.0, Culture=neutral, PublicKeyToken=b03f5f7f11d50a3a" className="TestProject1.RegistrationControlTest, TestProject1, Version=1.0.0.0, Culture=neutral, PublicKeyToken=null" name="ComputeStringMD5HashTest" />
    </UnitTest>
    <UnitTest name="checkCaptchaTest" storage="d:\projectz\registration\registration\testproject1\bin\debug\testproject1.dll" id="e05b979d-c89a-5070-3401-89843268cead">
      <Execution id="151a95ef-daa6-45b0-84b9-2d8817e7d158" />
      <TestMethod codeBase="D:/projectz/Registration/Registration/TestProject1/bin/Debug/TestProject1.DLL" adapterTypeName="Microsoft.VisualStudio.TestTools.TestTypes.Unit.UnitTestAdapter, Microsoft.VisualStudio.QualityTools.Tips.UnitTest.Adapter, Version=10.0.0.0, Culture=neutral, PublicKeyToken=b03f5f7f11d50a3a" className="TestProject1.RegistrationControlTest, TestProject1, Version=1.0.0.0, Culture=neutral, PublicKeyToken=null" name="checkCaptchaTest" />
    </UnitTest>
    <UnitTest name="createPersonTest" storage="d:\projectz\registration\registration\testproject1\bin\debug\testproject1.dll" id="6377b645-3969-6cd1-d04a-37ae42951131">
      <Execution id="8e5e7212-10b2-4c91-bb47-8beb12eaf1b4" />
      <TestMethod codeBase="D:/projectz/Registration/Registration/TestProject1/bin/Debug/TestProject1.DLL" adapterTypeName="Microsoft.VisualStudio.TestTools.TestTypes.Unit.UnitTestAdapter, Microsoft.VisualStudio.QualityTools.Tips.UnitTest.Adapter, Version=10.0.0.0, Culture=neutral, PublicKeyToken=b03f5f7f11d50a3a" className="TestProject1.RegistrationControlTest, TestProject1, Version=1.0.0.0, Culture=neutral, PublicKeyToken=null" name="createPersonTest" />
    </UnitTest>
    <UnitTest name="createImageTest" storage="d:\projectz\registration\registration\testproject1\bin\debug\testproject1.dll" id="57e618bd-1940-8794-b8d0-412880009082">
      <Execution id="7842a05a-d8b5-4874-bd05-5f64dec81efa" />
      <TestMethod codeBase="D:/projectz/Registration/Registration/TestProject1/bin/Debug/TestProject1.DLL" adapterTypeName="Microsoft.VisualStudio.TestTools.TestTypes.Unit.UnitTestAdapter, Microsoft.VisualStudio.QualityTools.Tips.UnitTest.Adapter, Version=10.0.0.0, Culture=neutral, PublicKeyToken=b03f5f7f11d50a3a" className="TestProject1.RegistrationControlTest, TestProject1, Version=1.0.0.0, Culture=neutral, PublicKeyToken=null" name="createImageTest" />
    </UnitTest>
  </TestDefinitions>
  <TestLists>
    <TestList name="Results Not in a List" id="8c84fa94-04c1-424b-9868-57a2d4851a1d" />
    <TestList name="All Loaded Results" id="19431567-8539-422a-85d7-44ee4e166bda" />
  </TestLists>
  <TestEntries>
    <TestEntry testId="d7d80565-8a59-b908-391c-7d28c97b825c" executionId="b6b48f8c-262d-4300-b40f-b26362a1be90" testListId="8c84fa94-04c1-424b-9868-57a2d4851a1d" />
    <TestEntry testId="e05b979d-c89a-5070-3401-89843268cead" executionId="151a95ef-daa6-45b0-84b9-2d8817e7d158" testListId="8c84fa94-04c1-424b-9868-57a2d4851a1d" />
    <TestEntry testId="6377b645-3969-6cd1-d04a-37ae42951131" executionId="8e5e7212-10b2-4c91-bb47-8beb12eaf1b4" testListId="8c84fa94-04c1-424b-9868-57a2d4851a1d" />
    <TestEntry testId="57e618bd-1940-8794-b8d0-412880009082" executionId="7842a05a-d8b5-4874-bd05-5f64dec81efa" testListId="8c84fa94-04c1-424b-9868-57a2d4851a1d" />
  </TestEntries>
  <Results>
    <UnitTestResult executionId="b6b48f8c-262d-4300-b40f-b26362a1be90" testId="d7d80565-8a59-b908-391c-7d28c97b825c" testName="ComputeStringMD5HashTest" computerName="S-PC" duration="00:00:00.0394826" startTime="2012-09-26T18:24:57.8001113+03:00" endTime="2012-09-26T18:24:57.9771215+03:00" testType="13cdc9d9-ddb5-4fa4-a97d-d965ccfc6d4b" outcome="Passed" testListId="8c84fa94-04c1-424b-9868-57a2d4851a1d" relativeResultsDirectory="b6b48f8c-262d-4300-b40f-b26362a1be90">
    </UnitTestResult>
    <UnitTestResult executionId="151a95ef-daa6-45b0-84b9-2d8817e7d158" testId="e05b979d-c89a-5070-3401-89843268cead" testName="checkCaptchaTest" computerName="S-PC" duration="00:00:00.0085159" startTime="2012-09-26T18:24:57.9791216+03:00" endTime="2012-09-26T18:24:57.9901222+03:00" testType="13cdc9d9-ddb5-4fa4-a97d-d965ccfc6d4b" outcome="Passed" testListId="8c84fa94-04c1-424b-9868-57a2d4851a1d" relativeResultsDirectory="151a95ef-daa6-45b0-84b9-2d8817e7d158">
    </UnitTestResult>
    <UnitTestResult executionId="8e5e7212-10b2-4c91-bb47-8beb12eaf1b4" testId="6377b645-3969-6cd1-d04a-37ae42951131" testName="createPersonTest" computerName="S-PC" duration="00:00:00.0090835" startTime="2012-09-26T18:24:57.9911223+03:00" endTime="2012-09-26T18:24:58.0031230+03:00" testType="13cdc9d9-ddb5-4fa4-a97d-d965ccfc6d4b" outcome="Passed" testListId="8c84fa94-04c1-424b-9868-57a2d4851a1d" relativeResultsDirectory="8e5e7212-10b2-4c91-bb47-8beb12eaf1b4">
    </UnitTestResult>
    <UnitTestResult executionId="7842a05a-d8b5-4874-bd05-5f64dec81efa" testId="57e618bd-1940-8794-b8d0-412880009082" testName="createImageTest" computerName="S-PC" duration="00:00:00.0096672" startTime="2012-09-26T18:24:58.0041230+03:00" endTime="2012-09-26T18:24:58.0161237+03:00" testType="13cdc9d9-ddb5-4fa4-a97d-d965ccfc6d4b" outcome="Passed" testListId="8c84fa94-04c1-424b-9868-57a2d4851a1d" relativeResultsDirectory="7842a05a-d8b5-4874-bd05-5f64dec81efa">
    </UnitTestResult>
  </Results>
</TestRun>