<?xml version="1.0" encoding="UTF-8"?>
<TestRun id="af3694dc-761e-4cba-a1d7-871044823e8a" name="S@S-PC 2012-09-26 18:37:28" runUser="S-PC\S" xmlns="http://microsoft.com/schemas/VisualStudio/TeamTest/2010">
  <TestSettings name="Default Test Settings" id="bcb55271-1928-45ad-83c3-b658a830f7dd">
    <Deployment runDeploymentRoot="S_S-PC 2012-09-26 18_37_28">
      <DeploymentItem filename="D:\projectz\Registration\Registration\Registration\bin\Debug\Registration.exe" />
      <DeploymentItem filename="C:\Users\S\Downloads\Bin\Net40\Newtonsoft.Json.dll" />
    </Deployment>
    <Execution>
      <TestTypeSpecific />
      <AgentRule name="Execution Agents">
      </AgentRule>
    </Execution>
  </TestSettings>
  <Times creation="2012-09-26T18:37:28.7500632+03:00" queuing="2012-09-26T18:37:28.8550692+03:00" start="2012-09-26T18:37:28.8860710+03:00" finish="2012-09-26T18:37:29.2510919+03:00" />
  <ResultSummary outcome="Completed">
    <Counters total="6" executed="6" passed="6" error="0" failed="0" timeout="0" aborted="0" inconclusive="0" passedButRunAborted="0" notRunnable="0" notExecuted="0" disconnected="0" warning="0" completed="0" inProgress="0" pending="0" />
  </ResultSummary>
  <TestDefinitions>
    <UnitTest name="ComputeStringMD5HashTest" storage="d:\projectz\registration\registration\testproject1\bin\debug\testproject1.dll" id="d7d80565-8a59-b908-391c-7d28c97b825c">
      <Execution id="209c7f40-2c7d-4ef3-ad5f-1581e77be3d6" />
      <TestMethod codeBase="D:/projectz/Registration/Registration/TestProject1/bin/Debug/TestProject1.DLL" adapterTypeName="Microsoft.VisualStudio.TestTools.TestTypes.Unit.UnitTestAdapter, Microsoft.VisualStudio.QualityTools.Tips.UnitTest.Adapter, Version=10.0.0.0, Culture=neutral, PublicKeyToken=b03f5f7f11d50a3a" className="TestProject1.RegistrationControlTest, TestProject1, Version=1.0.0.0, Culture=neutral, PublicKeyToken=null" name="ComputeStringMD5HashTest" />
    </UnitTest>
    <UnitTest name="checkCaptchaTest" storage="d:\projectz\registration\registration\testproject1\bin\debug\testproject1.dll" id="e05b979d-c89a-5070-3401-89843268cead">
      <Execution id="0d5c4889-89aa-46b7-a114-5fe13a432c7d" />
      <TestMethod codeBase="D:/projectz/Registration/Registration/TestProject1/bin/Debug/TestProject1.DLL" adapterTypeName="Microsoft.VisualStudio.TestTools.TestTypes.Unit.UnitTestAdapter, Microsoft.VisualStudio.QualityTools.Tips.UnitTest.Adapter, Version=10.0.0.0, Culture=neutral, PublicKeyToken=b03f5f7f11d50a3a" className="TestProject1.RegistrationControlTest, TestProject1, Version=1.0.0.0, Culture=neutral, PublicKeyToken=null" name="checkCaptchaTest" />
    </UnitTest>
    <UnitTest name="createPersonTest" storage="d:\projectz\registration\registration\testproject1\bin\debug\testproject1.dll" id="6377b645-3969-6cd1-d04a-37ae42951131">
      <Execution id="cfc90e98-1efc-4b18-9950-5e1314f852e3" />
      <TestMethod codeBase="D:/projectz/Registration/Registration/TestProject1/bin/Debug/TestProject1.DLL" adapterTypeName="Microsoft.VisualStudio.TestTools.TestTypes.Unit.UnitTestAdapter, Microsoft.VisualStudio.QualityTools.Tips.UnitTest.Adapter, Version=10.0.0.0, Culture=neutral, PublicKeyToken=b03f5f7f11d50a3a" className="TestProject1.RegistrationControlTest, TestProject1, Version=1.0.0.0, Culture=neutral, PublicKeyToken=null" name="createPersonTest" />
    </UnitTest>
    <UnitTest name="validateComboBox1Test" storage="d:\projectz\registration\registration\testproject1\bin\debug\testproject1.dll" id="88f633b7-0613-dec2-001e-98d94b47287a">
      <Execution id="4daac7fd-4c3b-43ee-a827-96603fbd8e48" />
      <TestMethod codeBase="D:/projectz/Registration/Registration/TestProject1/bin/Debug/TestProject1.DLL" adapterTypeName="Microsoft.VisualStudio.TestTools.TestTypes.Unit.UnitTestAdapter, Microsoft.VisualStudio.QualityTools.Tips.UnitTest.Adapter, Version=10.0.0.0, Culture=neutral, PublicKeyToken=b03f5f7f11d50a3a" className="TestProject1.RegistrationControlTest, TestProject1, Version=1.0.0.0, Culture=neutral, PublicKeyToken=null" name="validateComboBox1Test" />
    </UnitTest>
    <UnitTest name="registerCompleteTest" storage="d:\projectz\registration\registration\testproject1\bin\debug\testproject1.dll" id="2cb4f749-2a95-7c8f-4577-069c93d7244b">
      <Execution id="34463f04-93d6-4e31-9f3d-1fe352cbcd15" />
      <TestMethod codeBase="D:/projectz/Registration/Registration/TestProject1/bin/Debug/TestProject1.DLL" adapterTypeName="Microsoft.VisualStudio.TestTools.TestTypes.Unit.UnitTestAdapter, Microsoft.VisualStudio.QualityTools.Tips.UnitTest.Adapter, Version=10.0.0.0, Culture=neutral, PublicKeyToken=b03f5f7f11d50a3a" className="TestProject1.RegistrationControlTest, TestProject1, Version=1.0.0.0, Culture=neutral, PublicKeyToken=null" name="registerCompleteTest" />
    </UnitTest>
    <UnitTest name="createImageTest" storage="d:\projectz\registration\registration\testproject1\bin\debug\testproject1.dll" id="57e618bd-1940-8794-b8d0-412880009082">
      <Execution id="6b47c750-359f-45c1-930e-0456ee2dfcd9" />
      <TestMethod codeBase="D:/projectz/Registration/Registration/TestProject1/bin/Debug/TestProject1.DLL" adapterTypeName="Microsoft.VisualStudio.TestTools.TestTypes.Unit.UnitTestAdapter, Microsoft.VisualStudio.QualityTools.Tips.UnitTest.Adapter, Version=10.0.0.0, Culture=neutral, PublicKeyToken=b03f5f7f11d50a3a" className="TestProject1.RegistrationControlTest, TestProject1, Version=1.0.0.0, Culture=neutral, PublicKeyToken=null" name="createImageTest" />
    </UnitTest>
  </TestDefinitions>
  <TestLists>
    <TestList name="Results Not in a List" id="8c84fa94-04c1-424b-9868-57a2d4851a1d" />
    <TestList name="All Loaded Results" id="19431567-8539-422a-85d7-44ee4e166bda" />
  </TestLists>
  <TestEntries>
    <TestEntry testId="d7d80565-8a59-b908-391c-7d28c97b825c" executionId="209c7f40-2c7d-4ef3-ad5f-1581e77be3d6" testListId="8c84fa94-04c1-424b-9868-57a2d4851a1d" />
    <TestEntry testId="e05b979d-c89a-5070-3401-89843268cead" executionId="0d5c4889-89aa-46b7-a114-5fe13a432c7d" testListId="8c84fa94-04c1-424b-9868-57a2d4851a1d" />
    <TestEntry testId="2cb4f749-2a95-7c8f-4577-069c93d7244b" executionId="34463f04-93d6-4e31-9f3d-1fe352cbcd15" testListId="8c84fa94-04c1-424b-9868-57a2d4851a1d" />
    <TestEntry testId="88f633b7-0613-dec2-001e-98d94b47287a" executionId="4daac7fd-4c3b-43ee-a827-96603fbd8e48" testListId="8c84fa94-04c1-424b-9868-57a2d4851a1d" />
    <TestEntry testId="6377b645-3969-6cd1-d04a-37ae42951131" executionId="cfc90e98-1efc-4b18-9950-5e1314f852e3" testListId="8c84fa94-04c1-424b-9868-57a2d4851a1d" />
    <TestEntry testId="57e618bd-1940-8794-b8d0-412880009082" executionId="6b47c750-359f-45c1-930e-0456ee2dfcd9" testListId="8c84fa94-04c1-424b-9868-57a2d4851a1d" />
  </TestEntries>
  <Results>
    <UnitTestResult executionId="209c7f40-2c7d-4ef3-ad5f-1581e77be3d6" testId="d7d80565-8a59-b908-391c-7d28c97b825c" testName="ComputeStringMD5HashTest" computerName="S-PC" duration="00:00:00.0571772" startTime="2012-09-26T18:37:28.8920713+03:00" endTime="2012-09-26T18:37:29.1590866+03:00" testType="13cdc9d9-ddb5-4fa4-a97d-d965ccfc6d4b" outcome="Passed" testListId="8c84fa94-04c1-424b-9868-57a2d4851a1d" relativeResultsDirectory="209c7f40-2c7d-4ef3-ad5f-1581e77be3d6">
    </UnitTestResult>
    <UnitTestResult executionId="0d5c4889-89aa-46b7-a114-5fe13a432c7d" testId="e05b979d-c89a-5070-3401-89843268cead" testName="checkCaptchaTest" computerName="S-PC" duration="00:00:00.0103815" startTime="2012-09-26T18:37:29.1600867+03:00" endTime="2012-09-26T18:37:29.1750875+03:00" testType="13cdc9d9-ddb5-4fa4-a97d-d965ccfc6d4b" outcome="Passed" testListId="8c84fa94-04c1-424b-9868-57a2d4851a1d" relativeResultsDirectory="0d5c4889-89aa-46b7-a114-5fe13a432c7d">
    </UnitTestResult>
    <UnitTestResult executionId="34463f04-93d6-4e31-9f3d-1fe352cbcd15" testId="2cb4f749-2a95-7c8f-4577-069c93d7244b" testName="registerCompleteTest" computerName="S-PC" duration="00:00:00.0092678" startTime="2012-09-26T18:37:29.1770876+03:00" endTime="2012-09-26T18:37:29.1900884+03:00" testType="13cdc9d9-ddb5-4fa4-a97d-d965ccfc6d4b" outcome="Passed" testListId="8c84fa94-04c1-424b-9868-57a2d4851a1d" relativeResultsDirectory="34463f04-93d6-4e31-9f3d-1fe352cbcd15">
    </UnitTestResult>
    <UnitTestResult executionId="4daac7fd-4c3b-43ee-a827-96603fbd8e48" testId="88f633b7-0613-dec2-001e-98d94b47287a" testName="validateComboBox1Test" computerName="S-PC" duration="00:00:00.0088751" startTime="2012-09-26T18:37:29.1920885+03:00" endTime="2012-09-26T18:37:29.2030891+03:00" testType="13cdc9d9-ddb5-4fa4-a97d-d965ccfc6d4b" outcome="Passed" testListId="8c84fa94-04c1-424b-9868-57a2d4851a1d" relativeResultsDirectory="4daac7fd-4c3b-43ee-a827-96603fbd8e48">
    </UnitTestResult>
    <UnitTestResult executionId="cfc90e98-1efc-4b18-9950-5e1314f852e3" testId="6377b645-3969-6cd1-d04a-37ae42951131" testName="createPersonTest" computerName="S-PC" duration="00:00:00.0094864" startTime="2012-09-26T18:37:29.2040892+03:00" endTime="2012-09-26T18:37:29.2170899+03:00" testType="13cdc9d9-ddb5-4fa4-a97d-d965ccfc6d4b" outcome="Passed" testListId="8c84fa94-04c1-424b-9868-57a2d4851a1d" relativeResultsDirectory="cfc90e98-1efc-4b18-9950-5e1314f852e3">
    </UnitTestResult>
    <UnitTestResult executionId="6b47c750-359f-45c1-930e-0456ee2dfcd9" testId="57e618bd-1940-8794-b8d0-412880009082" testName="createImageTest" computerName="S-PC" duration="00:00:00.0120638" startTime="2012-09-26T18:37:29.2180900+03:00" endTime="2012-09-26T18:37:29.2330908+03:00" testType="13cdc9d9-ddb5-4fa4-a97d-d965ccfc6d4b" outcome="Passed" testListId="8c84fa94-04c1-424b-9868-57a2d4851a1d" relativeResultsDirectory="6b47c750-359f-45c1-930e-0456ee2dfcd9">
    </UnitTestResult>
  </Results>
</TestRun>