<?xml version="1.0" encoding="UTF-8"?>
<TestRun id="10a38147-92a3-4440-9c8c-281646da6a12" name="S@S-PC 2012-09-26 18:08:47" runUser="S-PC\S" xmlns="http://microsoft.com/schemas/VisualStudio/TeamTest/2010">
  <TestSettings name="Default Test Settings" id="febf2322-94f2-488b-9f2a-152f603f2afa">
    <Deployment runDeploymentRoot="S_S-PC 2012-09-26 18_08_47">
      <DeploymentItem filename="D:\projectz\Registration\Registration\Registration\bin\Debug\Registration.exe" />
      <DeploymentItem filename="C:\Users\S\Downloads\Bin\Net40\Newtonsoft.Json.dll" />
    </Deployment>
    <Execution>
      <TestTypeSpecific />
      <AgentRule name="Execution Agents">
      </AgentRule>
    </Execution>
  </TestSettings>
  <Times creation="2012-09-26T18:08:47.4816123+03:00" queuing="2012-09-26T18:08:47.5906185+03:00" start="2012-09-26T18:08:47.5966189+03:00" finish="2012-09-26T18:08:47.8086310+03:00" />
  <ResultSummary outcome="Failed">
    <Counters total="2" executed="2" passed="1" error="0" failed="1" timeout="0" aborted="0" inconclusive="0" passedButRunAborted="0" notRunnable="0" notExecuted="0" disconnected="0" warning="0" completed="0" inProgress="0" pending="0" />
  </ResultSummary>
  <TestDefinitions>
    <UnitTest name="ComputeStringMD5HashTest" storage="d:\projectz\registration\registration\testproject1\bin\debug\testproject1.dll" id="d7d80565-8a59-b908-391c-7d28c97b825c">
      <Execution id="d3058d21-c098-4caa-8260-f75fe104220c" />
      <TestMethod codeBase="D:/projectz/Registration/Registration/TestProject1/bin/Debug/TestProject1.DLL" adapterTypeName="Microsoft.VisualStudio.TestTools.TestTypes.Unit.UnitTestAdapter, Microsoft.VisualStudio.QualityTools.Tips.UnitTest.Adapter, Version=10.0.0.0, Culture=neutral, PublicKeyToken=b03f5f7f11d50a3a" className="TestProject1.RegistrationControlTest, TestProject1, Version=1.0.0.0, Culture=neutral, PublicKeyToken=null" name="ComputeStringMD5HashTest" />
    </UnitTest>
    <UnitTest name="checkCaptchaTest" storage="d:\projectz\registration\registration\testproject1\bin\debug\testproject1.dll" id="e05b979d-c89a-5070-3401-89843268cead">
      <Execution id="5aad8d20-1b4c-4390-8e0f-4b6e3fd4bedc" />
      <TestMethod codeBase="D:/projectz/Registration/Registration/TestProject1/bin/Debug/TestProject1.DLL" adapterTypeName="Microsoft.VisualStudio.TestTools.TestTypes.Unit.UnitTestAdapter, Microsoft.VisualStudio.QualityTools.Tips.UnitTest.Adapter, Version=10.0.0.0, Culture=neutral, PublicKeyToken=b03f5f7f11d50a3a" className="TestProject1.RegistrationControlTest, TestProject1, Version=1.0.0.0, Culture=neutral, PublicKeyToken=null" name="checkCaptchaTest" />
    </UnitTest>
  </TestDefinitions>
  <TestLists>
    <TestList name="Results Not in a List" id="8c84fa94-04c1-424b-9868-57a2d4851a1d" />
    <TestList name="All Loaded Results" id="19431567-8539-422a-85d7-44ee4e166bda" />
  </TestLists>
  <TestEntries>
    <TestEntry testId="d7d80565-8a59-b908-391c-7d28c97b825c" executionId="d3058d21-c098-4caa-8260-f75fe104220c" testListId="8c84fa94-04c1-424b-9868-57a2d4851a1d" />
    <TestEntry testId="e05b979d-c89a-5070-3401-89843268cead" executionId="5aad8d20-1b4c-4390-8e0f-4b6e3fd4bedc" testListId="8c84fa94-04c1-424b-9868-57a2d4851a1d" />
  </TestEntries>
  <Results>
    <UnitTestResult executionId="d3058d21-c098-4caa-8260-f75fe104220c" testId="d7d80565-8a59-b908-391c-7d28c97b825c" testName="ComputeStringMD5HashTest" computerName="S-PC" duration="00:00:00.0335960" startTime="2012-09-26T18:08:47.5986190+03:00" endTime="2012-09-26T18:08:47.7696288+03:00" testType="13cdc9d9-ddb5-4fa4-a97d-d965ccfc6d4b" outcome="Passed" testListId="8c84fa94-04c1-424b-9868-57a2d4851a1d" relativeResultsDirectory="d3058d21-c098-4caa-8260-f75fe104220c">
    </UnitTestResult>
    <UnitTestResult executionId="5aad8d20-1b4c-4390-8e0f-4b6e3fd4bedc" testId="e05b979d-c89a-5070-3401-89843268cead" testName="checkCaptchaTest" computerName="S-PC" duration="00:00:00.0231687" startTime="2012-09-26T18:08:47.7706288+03:00" endTime="2012-09-26T18:08:47.7986304+03:00" testType="13cdc9d9-ddb5-4fa4-a97d-d965ccfc6d4b" outcome="Failed" testListId="8c84fa94-04c1-424b-9868-57a2d4851a1d" relativeResultsDirectory="5aad8d20-1b4c-4390-8e0f-4b6e3fd4bedc">
      <Output>
        <ErrorInfo>
          <Message>Assert.AreEqual failed. Expected:&lt;False&gt;. Actual:&lt;True&gt;. </Message>
          <StackTrace>   at TestProject1.RegistrationControlTest.checkCaptchaTest() in D:\projectz\Registration\Registration\TestProject1\RegistrationControlTest.cs:line 96
</StackTrace>
        </ErrorInfo>
      </Output>
    </UnitTestResult>
  </Results>
</TestRun>