<?xml version="1.0" encoding="UTF-8"?>
<TestRun id="891bec22-57b8-45ac-ab5b-ef1631e5571a" name="S@S-PC 2012-09-26 18:30:18" runUser="S-PC\S" xmlns="http://microsoft.com/schemas/VisualStudio/TeamTest/2010">
  <TestSettings name="Default Test Settings" id="241b78af-4b1a-47ab-a10a-217461a4f288">
    <Deployment runDeploymentRoot="S_S-PC 2012-09-26 18_30_18">
      <DeploymentItem filename="D:\projectz\Registration\Registration\Registration\bin\Debug\Registration.exe" />
      <DeploymentItem filename="C:\Users\S\Downloads\Bin\Net40\Newtonsoft.Json.dll" />
    </Deployment>
    <Execution>
      <TestTypeSpecific />
      <AgentRule name="Execution Agents">
      </AgentRule>
    </Execution>
  </TestSettings>
  <Times creation="2012-09-26T18:30:18.7784703+03:00" queuing="2012-09-26T18:30:18.8744757+03:00" start="2012-09-26T18:30:18.8844763+03:00" finish="2012-09-26T18:30:19.1704927+03:00" />
  <ResultSummary outcome="Failed">
    <Counters total="7" executed="7" passed="6" error="0" failed="1" timeout="0" aborted="0" inconclusive="0" passedButRunAborted="0" notRunnable="0" notExecuted="0" disconnected="0" warning="0" completed="0" inProgress="0" pending="0" />
  </ResultSummary>
  <TestDefinitions>
    <UnitTest name="ComputeStringMD5HashTest" storage="d:\projectz\registration\registration\testproject1\bin\debug\testproject1.dll" id="d7d80565-8a59-b908-391c-7d28c97b825c">
      <Execution id="6a114c1d-a102-42ac-8156-f78f4fea8f02" />
      <TestMethod codeBase="D:/projectz/Registration/Registration/TestProject1/bin/Debug/TestProject1.DLL" adapterTypeName="Microsoft.VisualStudio.TestTools.TestTypes.Unit.UnitTestAdapter, Microsoft.VisualStudio.QualityTools.Tips.UnitTest.Adapter, Version=10.0.0.0, Culture=neutral, PublicKeyToken=b03f5f7f11d50a3a" className="TestProject1.RegistrationControlTest, TestProject1, Version=1.0.0.0, Culture=neutral, PublicKeyToken=null" name="ComputeStringMD5HashTest" />
    </UnitTest>
    <UnitTest name="checkCaptchaTest" storage="d:\projectz\registration\registration\testproject1\bin\debug\testproject1.dll" id="e05b979d-c89a-5070-3401-89843268cead">
      <Execution id="7a4d4dab-36d2-4fd7-870b-67d1a8b6a976" />
      <TestMethod codeBase="D:/projectz/Registration/Registration/TestProject1/bin/Debug/TestProject1.DLL" adapterTypeName="Microsoft.VisualStudio.TestTools.TestTypes.Unit.UnitTestAdapter, Microsoft.VisualStudio.QualityTools.Tips.UnitTest.Adapter, Version=10.0.0.0, Culture=neutral, PublicKeyToken=b03f5f7f11d50a3a" className="TestProject1.RegistrationControlTest, TestProject1, Version=1.0.0.0, Culture=neutral, PublicKeyToken=null" name="checkCaptchaTest" />
    </UnitTest>
    <UnitTest name="createPersonTest" storage="d:\projectz\registration\registration\testproject1\bin\debug\testproject1.dll" id="6377b645-3969-6cd1-d04a-37ae42951131">
      <Execution id="e7c9283a-77a4-4575-8450-473b5d58f9cd" />
      <TestMethod codeBase="D:/projectz/Registration/Registration/TestProject1/bin/Debug/TestProject1.DLL" adapterTypeName="Microsoft.VisualStudio.TestTools.TestTypes.Unit.UnitTestAdapter, Microsoft.VisualStudio.QualityTools.Tips.UnitTest.Adapter, Version=10.0.0.0, Culture=neutral, PublicKeyToken=b03f5f7f11d50a3a" className="TestProject1.RegistrationControlTest, TestProject1, Version=1.0.0.0, Culture=neutral, PublicKeyToken=null" name="createPersonTest" />
    </UnitTest>
    <UnitTest name="validateComboBox1Test" storage="d:\projectz\registration\registration\testproject1\bin\debug\testproject1.dll" id="88f633b7-0613-dec2-001e-98d94b47287a">
      <Execution id="3a1254a0-54fb-44ed-9272-3bb3fcd49614" />
      <TestMethod codeBase="D:/projectz/Registration/Registration/TestProject1/bin/Debug/TestProject1.DLL" adapterTypeName="Microsoft.VisualStudio.TestTools.TestTypes.Unit.UnitTestAdapter, Microsoft.VisualStudio.QualityTools.Tips.UnitTest.Adapter, Version=10.0.0.0, Culture=neutral, PublicKeyToken=b03f5f7f11d50a3a" className="TestProject1.RegistrationControlTest, TestProject1, Version=1.0.0.0, Culture=neutral, PublicKeyToken=null" name="validateComboBox1Test" />
    </UnitTest>
    <UnitTest name="registerCompleteTest" storage="d:\projectz\registration\registration\testproject1\bin\debug\testproject1.dll" id="2cb4f749-2a95-7c8f-4577-069c93d7244b">
      <Execution id="ab9355be-93bc-4460-8ffc-973b94f7dfad" />
      <TestMethod codeBase="D:/projectz/Registration/Registration/TestProject1/bin/Debug/TestProject1.DLL" adapterTypeName="Microsoft.VisualStudio.TestTools.TestTypes.Unit.UnitTestAdapter, Microsoft.VisualStudio.QualityTools.Tips.UnitTest.Adapter, Version=10.0.0.0, Culture=neutral, PublicKeyToken=b03f5f7f11d50a3a" className="TestProject1.RegistrationControlTest, TestProject1, Version=1.0.0.0, Culture=neutral, PublicKeyToken=null" name="registerCompleteTest" />
    </UnitTest>
    <UnitTest name="validateTextBox1Test" storage="d:\projectz\registration\registration\testproject1\bin\debug\testproject1.dll" id="647a9ee5-9d72-ebe4-d9c3-95e7fb044cf7">
      <Execution id="29656e68-75da-4446-a58a-281cb8c9cd81" />
      <TestMethod codeBase="D:/projectz/Registration/Registration/TestProject1/bin/Debug/TestProject1.DLL" adapterTypeName="Microsoft.VisualStudio.TestTools.TestTypes.Unit.UnitTestAdapter, Microsoft.VisualStudio.QualityTools.Tips.UnitTest.Adapter, Version=10.0.0.0, Culture=neutral, PublicKeyToken=b03f5f7f11d50a3a" className="TestProject1.RegistrationControlTest, TestProject1, Version=1.0.0.0, Culture=neutral, PublicKeyToken=null" name="validateTextBox1Test" />
    </UnitTest>
    <UnitTest name="createImageTest" storage="d:\projectz\registration\registration\testproject1\bin\debug\testproject1.dll" id="57e618bd-1940-8794-b8d0-412880009082">
      <Execution id="27ba9e9f-129b-4cdb-bae4-84f21a041c4b" />
      <TestMethod codeBase="D:/projectz/Registration/Registration/TestProject1/bin/Debug/TestProject1.DLL" adapterTypeName="Microsoft.VisualStudio.TestTools.TestTypes.Unit.UnitTestAdapter, Microsoft.VisualStudio.QualityTools.Tips.UnitTest.Adapter, Version=10.0.0.0, Culture=neutral, PublicKeyToken=b03f5f7f11d50a3a" className="TestProject1.RegistrationControlTest, TestProject1, Version=1.0.0.0, Culture=neutral, PublicKeyToken=null" name="createImageTest" />
    </UnitTest>
  </TestDefinitions>
  <TestLists>
    <TestList name="Results Not in a List" id="8c84fa94-04c1-424b-9868-57a2d4851a1d" />
    <TestList name="All Loaded Results" id="19431567-8539-422a-85d7-44ee4e166bda" />
  </TestLists>
  <TestEntries>
    <TestEntry testId="d7d80565-8a59-b908-391c-7d28c97b825c" executionId="6a114c1d-a102-42ac-8156-f78f4fea8f02" testListId="8c84fa94-04c1-424b-9868-57a2d4851a1d" />
    <TestEntry testId="e05b979d-c89a-5070-3401-89843268cead" executionId="7a4d4dab-36d2-4fd7-870b-67d1a8b6a976" testListId="8c84fa94-04c1-424b-9868-57a2d4851a1d" />
    <TestEntry testId="2cb4f749-2a95-7c8f-4577-069c93d7244b" executionId="ab9355be-93bc-4460-8ffc-973b94f7dfad" testListId="8c84fa94-04c1-424b-9868-57a2d4851a1d" />
    <TestEntry testId="647a9ee5-9d72-ebe4-d9c3-95e7fb044cf7" executionId="29656e68-75da-4446-a58a-281cb8c9cd81" testListId="8c84fa94-04c1-424b-9868-57a2d4851a1d" />
    <TestEntry testId="88f633b7-0613-dec2-001e-98d94b47287a" executionId="3a1254a0-54fb-44ed-9272-3bb3fcd49614" testListId="8c84fa94-04c1-424b-9868-57a2d4851a1d" />
    <TestEntry testId="6377b645-3969-6cd1-d04a-37ae42951131" executionId="e7c9283a-77a4-4575-8450-473b5d58f9cd" testListId="8c84fa94-04c1-424b-9868-57a2d4851a1d" />
    <TestEntry testId="57e618bd-1940-8794-b8d0-412880009082" executionId="27ba9e9f-129b-4cdb-bae4-84f21a041c4b" testListId="8c84fa94-04c1-424b-9868-57a2d4851a1d" />
  </TestEntries>
  <Results>
    <UnitTestResult executionId="6a114c1d-a102-42ac-8156-f78f4fea8f02" testId="d7d80565-8a59-b908-391c-7d28c97b825c" testName="ComputeStringMD5HashTest" computerName="S-PC" duration="00:00:00.0393914" startTime="2012-09-26T18:30:18.8864764+03:00" endTime="2012-09-26T18:30:19.0604864+03:00" testType="13cdc9d9-ddb5-4fa4-a97d-d965ccfc6d4b" outcome="Passed" testListId="8c84fa94-04c1-424b-9868-57a2d4851a1d" relativeResultsDirectory="6a114c1d-a102-42ac-8156-f78f4fea8f02">
    </UnitTestResult>
    <UnitTestResult executionId="7a4d4dab-36d2-4fd7-870b-67d1a8b6a976" testId="e05b979d-c89a-5070-3401-89843268cead" testName="checkCaptchaTest" computerName="S-PC" duration="00:00:00.0086578" startTime="2012-09-26T18:30:19.0624865+03:00" endTime="2012-09-26T18:30:19.0744872+03:00" testType="13cdc9d9-ddb5-4fa4-a97d-d965ccfc6d4b" outcome="Passed" testListId="8c84fa94-04c1-424b-9868-57a2d4851a1d" relativeResultsDirectory="7a4d4dab-36d2-4fd7-870b-67d1a8b6a976">
    </UnitTestResult>
    <UnitTestResult executionId="ab9355be-93bc-4460-8ffc-973b94f7dfad" testId="2cb4f749-2a95-7c8f-4577-069c93d7244b" testName="registerCompleteTest" computerName="S-PC" duration="00:00:00.0089297" startTime="2012-09-26T18:30:19.0754872+03:00" endTime="2012-09-26T18:30:19.0884880+03:00" testType="13cdc9d9-ddb5-4fa4-a97d-d965ccfc6d4b" outcome="Passed" testListId="8c84fa94-04c1-424b-9868-57a2d4851a1d" relativeResultsDirectory="ab9355be-93bc-4460-8ffc-973b94f7dfad">
    </UnitTestResult>
    <UnitTestResult executionId="29656e68-75da-4446-a58a-281cb8c9cd81" testId="647a9ee5-9d72-ebe4-d9c3-95e7fb044cf7" testName="validateTextBox1Test" computerName="S-PC" duration="00:00:00.0194190" startTime="2012-09-26T18:30:19.0894880+03:00" endTime="2012-09-26T18:30:19.1114893+03:00" testType="13cdc9d9-ddb5-4fa4-a97d-d965ccfc6d4b" outcome="Failed" testListId="8c84fa94-04c1-424b-9868-57a2d4851a1d" relativeResultsDirectory="29656e68-75da-4446-a58a-281cb8c9cd81">
      <Output>
        <ErrorInfo>
          <Message>Test method TestProject1.RegistrationControlTest.validateTextBox1Test threw exception: 
System.NullReferenceException: Object reference not set to an instance of an object.</Message>
          <StackTrace>    at Registration.RegistrationControl.validateTextBox1(String _login) in D:\projectz\Registration\Registration\Registration\RegistrationControl.cs:line 43
   at TestProject1.RegistrationControlTest.validateTextBox1Test() in D:\projectz\Registration\Registration\TestProject1\RegistrationControlTest.cs:line 175
</StackTrace>
        </ErrorInfo>
      </Output>
    </UnitTestResult>
    <UnitTestResult executionId="3a1254a0-54fb-44ed-9272-3bb3fcd49614" testId="88f633b7-0613-dec2-001e-98d94b47287a" testName="validateComboBox1Test" computerName="S-PC" duration="00:00:00.0085772" startTime="2012-09-26T18:30:19.1124894+03:00" endTime="2012-09-26T18:30:19.1234900+03:00" testType="13cdc9d9-ddb5-4fa4-a97d-d965ccfc6d4b" outcome="Passed" testListId="8c84fa94-04c1-424b-9868-57a2d4851a1d" relativeResultsDirectory="3a1254a0-54fb-44ed-9272-3bb3fcd49614">
    </UnitTestResult>
    <UnitTestResult executionId="e7c9283a-77a4-4575-8450-473b5d58f9cd" testId="6377b645-3969-6cd1-d04a-37ae42951131" testName="createPersonTest" computerName="S-PC" duration="00:00:00.0136947" startTime="2012-09-26T18:30:19.1254901+03:00" endTime="2012-09-26T18:30:19.1414910+03:00" testType="13cdc9d9-ddb5-4fa4-a97d-d965ccfc6d4b" outcome="Passed" testListId="8c84fa94-04c1-424b-9868-57a2d4851a1d" relativeResultsDirectory="e7c9283a-77a4-4575-8450-473b5d58f9cd">
    </UnitTestResult>
    <UnitTestResult executionId="27ba9e9f-129b-4cdb-bae4-84f21a041c4b" testId="57e618bd-1940-8794-b8d0-412880009082" testName="createImageTest" computerName="S-PC" duration="00:00:00.0130165" startTime="2012-09-26T18:30:19.1424911+03:00" endTime="2012-09-26T18:30:19.1584920+03:00" testType="13cdc9d9-ddb5-4fa4-a97d-d965ccfc6d4b" outcome="Passed" testListId="8c84fa94-04c1-424b-9868-57a2d4851a1d" relativeResultsDirectory="27ba9e9f-129b-4cdb-bae4-84f21a041c4b">
    </UnitTestResult>
  </Results>
</TestRun>