<?xml version="1.0" encoding="UTF-8"?>
<TestRun id="861cfb06-83d8-4726-aec6-7eb95c7aa20f" name="S@S-PC 2012-09-26 18:26:17" runUser="S-PC\S" xmlns="http://microsoft.com/schemas/VisualStudio/TeamTest/2010">
  <TestSettings name="Default Test Settings" id="6b5c275c-28e2-4fe8-8ba7-9068751f06a6">
    <Deployment runDeploymentRoot="S_S-PC 2012-09-26 18_26_17">
      <DeploymentItem filename="D:\projectz\Registration\Registration\Registration\bin\Debug\Registration.exe" />
      <DeploymentItem filename="C:\Users\S\Downloads\Bin\Net40\Newtonsoft.Json.dll" />
    </Deployment>
    <Execution>
      <TestTypeSpecific />
      <AgentRule name="Execution Agents">
      </AgentRule>
    </Execution>
  </TestSettings>
  <Times creation="2012-09-26T18:26:17.6846805+03:00" queuing="2012-09-26T18:26:17.7986870+03:00" start="2012-09-26T18:26:17.8046873+03:00" finish="2012-09-26T18:26:18.0507014+03:00" />
  <ResultSummary outcome="Completed">
    <Counters total="5" executed="5" passed="5" error="0" failed="0" timeout="0" aborted="0" inconclusive="0" passedButRunAborted="0" notRunnable="0" notExecuted="0" disconnected="0" warning="0" completed="0" inProgress="0" pending="0" />
  </ResultSummary>
  <TestDefinitions>
    <UnitTest name="ComputeStringMD5HashTest" storage="d:\projectz\registration\registration\testproject1\bin\debug\testproject1.dll" id="d7d80565-8a59-b908-391c-7d28c97b825c">
      <Execution id="ecf744c3-27b4-491a-add5-c35fcdd7c70e" />
      <TestMethod codeBase="D:/projectz/Registration/Registration/TestProject1/bin/Debug/TestProject1.DLL" adapterTypeName="Microsoft.VisualStudio.TestTools.TestTypes.Unit.UnitTestAdapter, Microsoft.VisualStudio.QualityTools.Tips.UnitTest.Adapter, Version=10.0.0.0, Culture=neutral, PublicKeyToken=b03f5f7f11d50a3a" className="TestProject1.RegistrationControlTest, TestProject1, Version=1.0.0.0, Culture=neutral, PublicKeyToken=null" name="ComputeStringMD5HashTest" />
    </UnitTest>
    <UnitTest name="checkCaptchaTest" storage="d:\projectz\registration\registration\testproject1\bin\debug\testproject1.dll" id="e05b979d-c89a-5070-3401-89843268cead">
      <Execution id="56b8361a-4d1b-4171-9f0b-45432c03ede7" />
      <TestMethod codeBase="D:/projectz/Registration/Registration/TestProject1/bin/Debug/TestProject1.DLL" adapterTypeName="Microsoft.VisualStudio.TestTools.TestTypes.Unit.UnitTestAdapter, Microsoft.VisualStudio.QualityTools.Tips.UnitTest.Adapter, Version=10.0.0.0, Culture=neutral, PublicKeyToken=b03f5f7f11d50a3a" className="TestProject1.RegistrationControlTest, TestProject1, Version=1.0.0.0, Culture=neutral, PublicKeyToken=null" name="checkCaptchaTest" />
    </UnitTest>
    <UnitTest name="createPersonTest" storage="d:\projectz\registration\registration\testproject1\bin\debug\testproject1.dll" id="6377b645-3969-6cd1-d04a-37ae42951131">
      <Execution id="73cfaedb-1154-48ec-a1c8-b156ed7c4134" />
      <TestMethod codeBase="D:/projectz/Registration/Registration/TestProject1/bin/Debug/TestProject1.DLL" adapterTypeName="Microsoft.VisualStudio.TestTools.TestTypes.Unit.UnitTestAdapter, Microsoft.VisualStudio.QualityTools.Tips.UnitTest.Adapter, Version=10.0.0.0, Culture=neutral, PublicKeyToken=b03f5f7f11d50a3a" className="TestProject1.RegistrationControlTest, TestProject1, Version=1.0.0.0, Culture=neutral, PublicKeyToken=null" name="createPersonTest" />
    </UnitTest>
    <UnitTest name="createImageTest" storage="d:\projectz\registration\registration\testproject1\bin\debug\testproject1.dll" id="57e618bd-1940-8794-b8d0-412880009082">
      <Execution id="9570dd35-3f93-4408-b30d-3cf21da00a42" />
      <TestMethod codeBase="D:/projectz/Registration/Registration/TestProject1/bin/Debug/TestProject1.DLL" adapterTypeName="Microsoft.VisualStudio.TestTools.TestTypes.Unit.UnitTestAdapter, Microsoft.VisualStudio.QualityTools.Tips.UnitTest.Adapter, Version=10.0.0.0, Culture=neutral, PublicKeyToken=b03f5f7f11d50a3a" className="TestProject1.RegistrationControlTest, TestProject1, Version=1.0.0.0, Culture=neutral, PublicKeyToken=null" name="createImageTest" />
    </UnitTest>
    <UnitTest name="registerCompleteTest" storage="d:\projectz\registration\registration\testproject1\bin\debug\testproject1.dll" id="2cb4f749-2a95-7c8f-4577-069c93d7244b">
      <Execution id="32059d71-5d92-4161-abd8-e15c84e1e290" />
      <TestMethod codeBase="D:/projectz/Registration/Registration/TestProject1/bin/Debug/TestProject1.DLL" adapterTypeName="Microsoft.VisualStudio.TestTools.TestTypes.Unit.UnitTestAdapter, Microsoft.VisualStudio.QualityTools.Tips.UnitTest.Adapter, Version=10.0.0.0, Culture=neutral, PublicKeyToken=b03f5f7f11d50a3a" className="TestProject1.RegistrationControlTest, TestProject1, Version=1.0.0.0, Culture=neutral, PublicKeyToken=null" name="registerCompleteTest" />
    </UnitTest>
  </TestDefinitions>
  <TestLists>
    <TestList name="Results Not in a List" id="8c84fa94-04c1-424b-9868-57a2d4851a1d" />
    <TestList name="All Loaded Results" id="19431567-8539-422a-85d7-44ee4e166bda" />
  </TestLists>
  <TestEntries>
    <TestEntry testId="d7d80565-8a59-b908-391c-7d28c97b825c" executionId="ecf744c3-27b4-491a-add5-c35fcdd7c70e" testListId="8c84fa94-04c1-424b-9868-57a2d4851a1d" />
    <TestEntry testId="e05b979d-c89a-5070-3401-89843268cead" executionId="56b8361a-4d1b-4171-9f0b-45432c03ede7" testListId="8c84fa94-04c1-424b-9868-57a2d4851a1d" />
    <TestEntry testId="2cb4f749-2a95-7c8f-4577-069c93d7244b" executionId="32059d71-5d92-4161-abd8-e15c84e1e290" testListId="8c84fa94-04c1-424b-9868-57a2d4851a1d" />
    <TestEntry testId="6377b645-3969-6cd1-d04a-37ae42951131" executionId="73cfaedb-1154-48ec-a1c8-b156ed7c4134" testListId="8c84fa94-04c1-424b-9868-57a2d4851a1d" />
    <TestEntry testId="57e618bd-1940-8794-b8d0-412880009082" executionId="9570dd35-3f93-4408-b30d-3cf21da00a42" testListId="8c84fa94-04c1-424b-9868-57a2d4851a1d" />
  </TestEntries>
  <Results>
    <UnitTestResult executionId="ecf744c3-27b4-491a-add5-c35fcdd7c70e" testId="d7d80565-8a59-b908-391c-7d28c97b825c" testName="ComputeStringMD5HashTest" computerName="S-PC" duration="00:00:00.0395129" startTime="2012-09-26T18:26:17.8076875+03:00" endTime="2012-09-26T18:26:17.9866978+03:00" testType="13cdc9d9-ddb5-4fa4-a97d-d965ccfc6d4b" outcome="Passed" testListId="8c84fa94-04c1-424b-9868-57a2d4851a1d" relativeResultsDirectory="ecf744c3-27b4-491a-add5-c35fcdd7c70e">
    </UnitTestResult>
    <UnitTestResult executionId="56b8361a-4d1b-4171-9f0b-45432c03ede7" testId="e05b979d-c89a-5070-3401-89843268cead" testName="checkCaptchaTest" computerName="S-PC" duration="00:00:00.0087003" startTime="2012-09-26T18:26:17.9876978+03:00" endTime="2012-09-26T18:26:18.0006986+03:00" testType="13cdc9d9-ddb5-4fa4-a97d-d965ccfc6d4b" outcome="Passed" testListId="8c84fa94-04c1-424b-9868-57a2d4851a1d" relativeResultsDirectory="56b8361a-4d1b-4171-9f0b-45432c03ede7">
    </UnitTestResult>
    <UnitTestResult executionId="32059d71-5d92-4161-abd8-e15c84e1e290" testId="2cb4f749-2a95-7c8f-4577-069c93d7244b" testName="registerCompleteTest" computerName="S-PC" duration="00:00:00.0085827" startTime="2012-09-26T18:26:18.0016986+03:00" endTime="2012-09-26T18:26:18.0126992+03:00" testType="13cdc9d9-ddb5-4fa4-a97d-d965ccfc6d4b" outcome="Passed" testListId="8c84fa94-04c1-424b-9868-57a2d4851a1d" relativeResultsDirectory="32059d71-5d92-4161-abd8-e15c84e1e290">
    </UnitTestResult>
    <UnitTestResult executionId="73cfaedb-1154-48ec-a1c8-b156ed7c4134" testId="6377b645-3969-6cd1-d04a-37ae42951131" testName="createPersonTest" computerName="S-PC" duration="00:00:00.0091697" startTime="2012-09-26T18:26:18.0146994+03:00" endTime="2012-09-26T18:26:18.0267000+03:00" testType="13cdc9d9-ddb5-4fa4-a97d-d965ccfc6d4b" outcome="Passed" testListId="8c84fa94-04c1-424b-9868-57a2d4851a1d" relativeResultsDirectory="73cfaedb-1154-48ec-a1c8-b156ed7c4134">
    </UnitTestResult>
    <UnitTestResult executionId="9570dd35-3f93-4408-b30d-3cf21da00a42" testId="57e618bd-1940-8794-b8d0-412880009082" testName="createImageTest" computerName="S-PC" duration="00:00:00.0095842" startTime="2012-09-26T18:26:18.0277001+03:00" endTime="2012-09-26T18:26:18.0397008+03:00" testType="13cdc9d9-ddb5-4fa4-a97d-d965ccfc6d4b" outcome="Passed" testListId="8c84fa94-04c1-424b-9868-57a2d4851a1d" relativeResultsDirectory="9570dd35-3f93-4408-b30d-3cf21da00a42">
    </UnitTestResult>
  </Results>
</TestRun>