<?xml version="1.0" encoding="UTF-8"?>
<TestRun id="e36a7f2c-3d0a-4c5e-b9b0-1fa46ff2de55" name="S@S-PC 2012-09-26 18:38:19" runUser="S-PC\S" xmlns="http://microsoft.com/schemas/VisualStudio/TeamTest/2010">
  <TestSettings name="Default Test Settings" id="0b4adaa2-a04d-45f0-9e6c-fec20dc3ec8c">
    <Deployment runDeploymentRoot="S_S-PC 2012-09-26 18_38_19">
      <DeploymentItem filename="D:\projectz\Registration\Registration\Registration\bin\Debug\Registration.exe" />
      <DeploymentItem filename="C:\Users\S\Downloads\Bin\Net40\Newtonsoft.Json.dll" />
    </Deployment>
    <Execution>
      <TestTypeSpecific />
      <AgentRule name="Execution Agents">
      </AgentRule>
    </Execution>
  </TestSettings>
  <Times creation="2012-09-26T18:38:19.4299619+03:00" queuing="2012-09-26T18:38:19.7869824+03:00" start="2012-09-26T18:38:19.7999831+03:00" finish="2012-09-26T18:38:20.0889996+03:00" />
  <ResultSummary outcome="Completed">
    <Counters total="7" executed="7" passed="7" error="0" failed="0" timeout="0" aborted="0" inconclusive="0" passedButRunAborted="0" notRunnable="0" notExecuted="0" disconnected="0" warning="0" completed="0" inProgress="0" pending="0" />
  </ResultSummary>
  <TestDefinitions>
    <UnitTest name="ComputeStringMD5HashTest" storage="d:\projectz\registration\registration\testproject1\bin\debug\testproject1.dll" id="d7d80565-8a59-b908-391c-7d28c97b825c">
      <Execution id="2ad9b437-79b5-4ea4-b259-d4309ccd299b" />
      <TestMethod codeBase="D:/projectz/Registration/Registration/TestProject1/bin/Debug/TestProject1.DLL" adapterTypeName="Microsoft.VisualStudio.TestTools.TestTypes.Unit.UnitTestAdapter, Microsoft.VisualStudio.QualityTools.Tips.UnitTest.Adapter, Version=10.0.0.0, Culture=neutral, PublicKeyToken=b03f5f7f11d50a3a" className="TestProject1.RegistrationControlTest, TestProject1, Version=1.0.0.0, Culture=neutral, PublicKeyToken=null" name="ComputeStringMD5HashTest" />
    </UnitTest>
    <UnitTest name="checkCaptchaTest" storage="d:\projectz\registration\registration\testproject1\bin\debug\testproject1.dll" id="e05b979d-c89a-5070-3401-89843268cead">
      <Execution id="fe06cbdf-e8ca-4b24-9721-cbac83ed9022" />
      <TestMethod codeBase="D:/projectz/Registration/Registration/TestProject1/bin/Debug/TestProject1.DLL" adapterTypeName="Microsoft.VisualStudio.TestTools.TestTypes.Unit.UnitTestAdapter, Microsoft.VisualStudio.QualityTools.Tips.UnitTest.Adapter, Version=10.0.0.0, Culture=neutral, PublicKeyToken=b03f5f7f11d50a3a" className="TestProject1.RegistrationControlTest, TestProject1, Version=1.0.0.0, Culture=neutral, PublicKeyToken=null" name="checkCaptchaTest" />
    </UnitTest>
    <UnitTest name="createPersonTest" storage="d:\projectz\registration\registration\testproject1\bin\debug\testproject1.dll" id="6377b645-3969-6cd1-d04a-37ae42951131">
      <Execution id="24ffbaa1-f2ff-4f08-afec-66d098479c51" />
      <TestMethod codeBase="D:/projectz/Registration/Registration/TestProject1/bin/Debug/TestProject1.DLL" adapterTypeName="Microsoft.VisualStudio.TestTools.TestTypes.Unit.UnitTestAdapter, Microsoft.VisualStudio.QualityTools.Tips.UnitTest.Adapter, Version=10.0.0.0, Culture=neutral, PublicKeyToken=b03f5f7f11d50a3a" className="TestProject1.RegistrationControlTest, TestProject1, Version=1.0.0.0, Culture=neutral, PublicKeyToken=null" name="createPersonTest" />
    </UnitTest>
    <UnitTest name="validateComboBox1Test" storage="d:\projectz\registration\registration\testproject1\bin\debug\testproject1.dll" id="88f633b7-0613-dec2-001e-98d94b47287a">
      <Execution id="7406e900-ba52-462e-8f8a-7ebc0035dcae" />
      <TestMethod codeBase="D:/projectz/Registration/Registration/TestProject1/bin/Debug/TestProject1.DLL" adapterTypeName="Microsoft.VisualStudio.TestTools.TestTypes.Unit.UnitTestAdapter, Microsoft.VisualStudio.QualityTools.Tips.UnitTest.Adapter, Version=10.0.0.0, Culture=neutral, PublicKeyToken=b03f5f7f11d50a3a" className="TestProject1.RegistrationControlTest, TestProject1, Version=1.0.0.0, Culture=neutral, PublicKeyToken=null" name="validateComboBox1Test" />
    </UnitTest>
    <UnitTest name="registerCompleteTest" storage="d:\projectz\registration\registration\testproject1\bin\debug\testproject1.dll" id="2cb4f749-2a95-7c8f-4577-069c93d7244b">
      <Execution id="a3fd9b77-1047-474f-af73-e5b7b6e3afb9" />
      <TestMethod codeBase="D:/projectz/Registration/Registration/TestProject1/bin/Debug/TestProject1.DLL" adapterTypeName="Microsoft.VisualStudio.TestTools.TestTypes.Unit.UnitTestAdapter, Microsoft.VisualStudio.QualityTools.Tips.UnitTest.Adapter, Version=10.0.0.0, Culture=neutral, PublicKeyToken=b03f5f7f11d50a3a" className="TestProject1.RegistrationControlTest, TestProject1, Version=1.0.0.0, Culture=neutral, PublicKeyToken=null" name="registerCompleteTest" />
    </UnitTest>
    <UnitTest name="validateTextBox2Test" storage="d:\projectz\registration\registration\testproject1\bin\debug\testproject1.dll" id="70062fe8-c524-26fe-d16a-3038dd1bac3f">
      <Execution id="f719ff4b-f7f3-4d48-9856-fa6c9e1611c0" />
      <TestMethod codeBase="D:/projectz/Registration/Registration/TestProject1/bin/Debug/TestProject1.DLL" adapterTypeName="Microsoft.VisualStudio.TestTools.TestTypes.Unit.UnitTestAdapter, Microsoft.VisualStudio.QualityTools.Tips.UnitTest.Adapter, Version=10.0.0.0, Culture=neutral, PublicKeyToken=b03f5f7f11d50a3a" className="TestProject1.RegistrationControlTest, TestProject1, Version=1.0.0.0, Culture=neutral, PublicKeyToken=null" name="validateTextBox2Test" />
    </UnitTest>
    <UnitTest name="createImageTest" storage="d:\projectz\registration\registration\testproject1\bin\debug\testproject1.dll" id="57e618bd-1940-8794-b8d0-412880009082">
      <Execution id="0d0912c1-5d91-4c8a-9a80-27d259d4ffb3" />
      <TestMethod codeBase="D:/projectz/Registration/Registration/TestProject1/bin/Debug/TestProject1.DLL" adapterTypeName="Microsoft.VisualStudio.TestTools.TestTypes.Unit.UnitTestAdapter, Microsoft.VisualStudio.QualityTools.Tips.UnitTest.Adapter, Version=10.0.0.0, Culture=neutral, PublicKeyToken=b03f5f7f11d50a3a" className="TestProject1.RegistrationControlTest, TestProject1, Version=1.0.0.0, Culture=neutral, PublicKeyToken=null" name="createImageTest" />
    </UnitTest>
  </TestDefinitions>
  <TestLists>
    <TestList name="Results Not in a List" id="8c84fa94-04c1-424b-9868-57a2d4851a1d" />
    <TestList name="All Loaded Results" id="19431567-8539-422a-85d7-44ee4e166bda" />
  </TestLists>
  <TestEntries>
    <TestEntry testId="d7d80565-8a59-b908-391c-7d28c97b825c" executionId="2ad9b437-79b5-4ea4-b259-d4309ccd299b" testListId="8c84fa94-04c1-424b-9868-57a2d4851a1d" />
    <TestEntry testId="e05b979d-c89a-5070-3401-89843268cead" executionId="fe06cbdf-e8ca-4b24-9721-cbac83ed9022" testListId="8c84fa94-04c1-424b-9868-57a2d4851a1d" />
    <TestEntry testId="70062fe8-c524-26fe-d16a-3038dd1bac3f" executionId="f719ff4b-f7f3-4d48-9856-fa6c9e1611c0" testListId="8c84fa94-04c1-424b-9868-57a2d4851a1d" />
    <TestEntry testId="2cb4f749-2a95-7c8f-4577-069c93d7244b" executionId="a3fd9b77-1047-474f-af73-e5b7b6e3afb9" testListId="8c84fa94-04c1-424b-9868-57a2d4851a1d" />
    <TestEntry testId="88f633b7-0613-dec2-001e-98d94b47287a" executionId="7406e900-ba52-462e-8f8a-7ebc0035dcae" testListId="8c84fa94-04c1-424b-9868-57a2d4851a1d" />
    <TestEntry testId="6377b645-3969-6cd1-d04a-37ae42951131" executionId="24ffbaa1-f2ff-4f08-afec-66d098479c51" testListId="8c84fa94-04c1-424b-9868-57a2d4851a1d" />
    <TestEntry testId="57e618bd-1940-8794-b8d0-412880009082" executionId="0d0912c1-5d91-4c8a-9a80-27d259d4ffb3" testListId="8c84fa94-04c1-424b-9868-57a2d4851a1d" />
  </TestEntries>
  <Results>
    <UnitTestResult executionId="2ad9b437-79b5-4ea4-b259-d4309ccd299b" testId="d7d80565-8a59-b908-391c-7d28c97b825c" testName="ComputeStringMD5HashTest" computerName="S-PC" duration="00:00:00.0385213" startTime="2012-09-26T18:38:19.8049834+03:00" endTime="2012-09-26T18:38:19.9879939+03:00" testType="13cdc9d9-ddb5-4fa4-a97d-d965ccfc6d4b" outcome="Passed" testListId="8c84fa94-04c1-424b-9868-57a2d4851a1d" relativeResultsDirectory="2ad9b437-79b5-4ea4-b259-d4309ccd299b">
    </UnitTestResult>
    <UnitTestResult executionId="fe06cbdf-e8ca-4b24-9721-cbac83ed9022" testId="e05b979d-c89a-5070-3401-89843268cead" testName="checkCaptchaTest" computerName="S-PC" duration="00:00:00.0093143" startTime="2012-09-26T18:38:19.9889939+03:00" endTime="2012-09-26T18:38:20.0009946+03:00" testType="13cdc9d9-ddb5-4fa4-a97d-d965ccfc6d4b" outcome="Passed" testListId="8c84fa94-04c1-424b-9868-57a2d4851a1d" relativeResultsDirectory="fe06cbdf-e8ca-4b24-9721-cbac83ed9022">
    </UnitTestResult>
    <UnitTestResult executionId="f719ff4b-f7f3-4d48-9856-fa6c9e1611c0" testId="70062fe8-c524-26fe-d16a-3038dd1bac3f" testName="validateTextBox2Test" computerName="S-PC" duration="00:00:00.0091493" startTime="2012-09-26T18:38:20.0019947+03:00" endTime="2012-09-26T18:38:20.0139953+03:00" testType="13cdc9d9-ddb5-4fa4-a97d-d965ccfc6d4b" outcome="Passed" testListId="8c84fa94-04c1-424b-9868-57a2d4851a1d" relativeResultsDirectory="f719ff4b-f7f3-4d48-9856-fa6c9e1611c0">
    </UnitTestResult>
    <UnitTestResult executionId="a3fd9b77-1047-474f-af73-e5b7b6e3afb9" testId="2cb4f749-2a95-7c8f-4577-069c93d7244b" testName="registerCompleteTest" computerName="S-PC" duration="00:00:00.0092227" startTime="2012-09-26T18:38:20.0159955+03:00" endTime="2012-09-26T18:38:20.0289962+03:00" testType="13cdc9d9-ddb5-4fa4-a97d-d965ccfc6d4b" outcome="Passed" testListId="8c84fa94-04c1-424b-9868-57a2d4851a1d" relativeResultsDirectory="a3fd9b77-1047-474f-af73-e5b7b6e3afb9">
    </UnitTestResult>
    <UnitTestResult executionId="7406e900-ba52-462e-8f8a-7ebc0035dcae" testId="88f633b7-0613-dec2-001e-98d94b47287a" testName="validateComboBox1Test" computerName="S-PC" duration="00:00:00.0096527" startTime="2012-09-26T18:38:20.0309963+03:00" endTime="2012-09-26T18:38:20.0449971+03:00" testType="13cdc9d9-ddb5-4fa4-a97d-d965ccfc6d4b" outcome="Passed" testListId="8c84fa94-04c1-424b-9868-57a2d4851a1d" relativeResultsDirectory="7406e900-ba52-462e-8f8a-7ebc0035dcae">
    </UnitTestResult>
    <UnitTestResult executionId="24ffbaa1-f2ff-4f08-afec-66d098479c51" testId="6377b645-3969-6cd1-d04a-37ae42951131" testName="createPersonTest" computerName="S-PC" duration="00:00:00.0099743" startTime="2012-09-26T18:38:20.0459972+03:00" endTime="2012-09-26T18:38:20.0609980+03:00" testType="13cdc9d9-ddb5-4fa4-a97d-d965ccfc6d4b" outcome="Passed" testListId="8c84fa94-04c1-424b-9868-57a2d4851a1d" relativeResultsDirectory="24ffbaa1-f2ff-4f08-afec-66d098479c51">
    </UnitTestResult>
    <UnitTestResult executionId="0d0912c1-5d91-4c8a-9a80-27d259d4ffb3" testId="57e618bd-1940-8794-b8d0-412880009082" testName="createImageTest" computerName="S-PC" duration="00:00:00.0098930" startTime="2012-09-26T18:38:20.0629982+03:00" endTime="2012-09-26T18:38:20.0749988+03:00" testType="13cdc9d9-ddb5-4fa4-a97d-d965ccfc6d4b" outcome="Passed" testListId="8c84fa94-04c1-424b-9868-57a2d4851a1d" relativeResultsDirectory="0d0912c1-5d91-4c8a-9a80-27d259d4ffb3">
    </UnitTestResult>
  </Results>
</TestRun>