<?xml version="1.0" encoding="UTF-8"?>
<TestRun id="b1bb2a34-b1e9-4708-a71c-a7ff3a8d2877" name="S@S-PC 2012-09-26 18:29:21" runUser="S-PC\S" xmlns="http://microsoft.com/schemas/VisualStudio/TeamTest/2010">
  <TestSettings name="Default Test Settings" id="5bf71ae4-5e54-4c7c-9995-73c4310ca836">
    <Deployment runDeploymentRoot="S_S-PC 2012-09-26 18_29_21">
      <DeploymentItem filename="D:\projectz\Registration\Registration\Registration\bin\Debug\Registration.exe" />
      <DeploymentItem filename="C:\Users\S\Downloads\Bin\Net40\Newtonsoft.Json.dll" />
    </Deployment>
    <Execution>
      <TestTypeSpecific />
      <AgentRule name="Execution Agents">
      </AgentRule>
    </Execution>
  </TestSettings>
  <Times creation="2012-09-26T18:29:21.7992112+03:00" queuing="2012-09-26T18:29:21.9062173+03:00" start="2012-09-26T18:29:21.9122177+03:00" finish="2012-09-26T18:29:22.2052344+03:00" />
  <ResultSummary outcome="Failed">
    <Counters total="7" executed="7" passed="6" error="0" failed="1" timeout="0" aborted="0" inconclusive="0" passedButRunAborted="0" notRunnable="0" notExecuted="0" disconnected="0" warning="0" completed="0" inProgress="0" pending="0" />
  </ResultSummary>
  <TestDefinitions>
    <UnitTest name="ComputeStringMD5HashTest" storage="d:\projectz\registration\registration\testproject1\bin\debug\testproject1.dll" id="d7d80565-8a59-b908-391c-7d28c97b825c">
      <Execution id="7155ba25-1670-4cca-affd-6000e819e01e" />
      <TestMethod codeBase="D:/projectz/Registration/Registration/TestProject1/bin/Debug/TestProject1.DLL" adapterTypeName="Microsoft.VisualStudio.TestTools.TestTypes.Unit.UnitTestAdapter, Microsoft.VisualStudio.QualityTools.Tips.UnitTest.Adapter, Version=10.0.0.0, Culture=neutral, PublicKeyToken=b03f5f7f11d50a3a" className="TestProject1.RegistrationControlTest, TestProject1, Version=1.0.0.0, Culture=neutral, PublicKeyToken=null" name="ComputeStringMD5HashTest" />
    </UnitTest>
    <UnitTest name="checkCaptchaTest" storage="d:\projectz\registration\registration\testproject1\bin\debug\testproject1.dll" id="e05b979d-c89a-5070-3401-89843268cead">
      <Execution id="0a44d6a6-f69d-4337-99af-2b849fec2152" />
      <TestMethod codeBase="D:/projectz/Registration/Registration/TestProject1/bin/Debug/TestProject1.DLL" adapterTypeName="Microsoft.VisualStudio.TestTools.TestTypes.Unit.UnitTestAdapter, Microsoft.VisualStudio.QualityTools.Tips.UnitTest.Adapter, Version=10.0.0.0, Culture=neutral, PublicKeyToken=b03f5f7f11d50a3a" className="TestProject1.RegistrationControlTest, TestProject1, Version=1.0.0.0, Culture=neutral, PublicKeyToken=null" name="checkCaptchaTest" />
    </UnitTest>
    <UnitTest name="createPersonTest" storage="d:\projectz\registration\registration\testproject1\bin\debug\testproject1.dll" id="6377b645-3969-6cd1-d04a-37ae42951131">
      <Execution id="69e1770c-4f16-44d0-93b9-3f9933f5cdef" />
      <TestMethod codeBase="D:/projectz/Registration/Registration/TestProject1/bin/Debug/TestProject1.DLL" adapterTypeName="Microsoft.VisualStudio.TestTools.TestTypes.Unit.UnitTestAdapter, Microsoft.VisualStudio.QualityTools.Tips.UnitTest.Adapter, Version=10.0.0.0, Culture=neutral, PublicKeyToken=b03f5f7f11d50a3a" className="TestProject1.RegistrationControlTest, TestProject1, Version=1.0.0.0, Culture=neutral, PublicKeyToken=null" name="createPersonTest" />
    </UnitTest>
    <UnitTest name="validateComboBox1Test" storage="d:\projectz\registration\registration\testproject1\bin\debug\testproject1.dll" id="88f633b7-0613-dec2-001e-98d94b47287a">
      <Execution id="ec8c35cd-e841-4e0d-a4ee-737f40e06c98" />
      <TestMethod codeBase="D:/projectz/Registration/Registration/TestProject1/bin/Debug/TestProject1.DLL" adapterTypeName="Microsoft.VisualStudio.TestTools.TestTypes.Unit.UnitTestAdapter, Microsoft.VisualStudio.QualityTools.Tips.UnitTest.Adapter, Version=10.0.0.0, Culture=neutral, PublicKeyToken=b03f5f7f11d50a3a" className="TestProject1.RegistrationControlTest, TestProject1, Version=1.0.0.0, Culture=neutral, PublicKeyToken=null" name="validateComboBox1Test" />
    </UnitTest>
    <UnitTest name="registerCompleteTest" storage="d:\projectz\registration\registration\testproject1\bin\debug\testproject1.dll" id="2cb4f749-2a95-7c8f-4577-069c93d7244b">
      <Execution id="dd0a038b-6fbc-4d4c-a7d1-ec6bf096b80f" />
      <TestMethod codeBase="D:/projectz/Registration/Registration/TestProject1/bin/Debug/TestProject1.DLL" adapterTypeName="Microsoft.VisualStudio.TestTools.TestTypes.Unit.UnitTestAdapter, Microsoft.VisualStudio.QualityTools.Tips.UnitTest.Adapter, Version=10.0.0.0, Culture=neutral, PublicKeyToken=b03f5f7f11d50a3a" className="TestProject1.RegistrationControlTest, TestProject1, Version=1.0.0.0, Culture=neutral, PublicKeyToken=null" name="registerCompleteTest" />
    </UnitTest>
    <UnitTest name="validateTextBox1Test" storage="d:\projectz\registration\registration\testproject1\bin\debug\testproject1.dll" id="647a9ee5-9d72-ebe4-d9c3-95e7fb044cf7">
      <Execution id="c3fe8bc1-3de8-4ffa-b813-5dec03151a62" />
      <TestMethod codeBase="D:/projectz/Registration/Registration/TestProject1/bin/Debug/TestProject1.DLL" adapterTypeName="Microsoft.VisualStudio.TestTools.TestTypes.Unit.UnitTestAdapter, Microsoft.VisualStudio.QualityTools.Tips.UnitTest.Adapter, Version=10.0.0.0, Culture=neutral, PublicKeyToken=b03f5f7f11d50a3a" className="TestProject1.RegistrationControlTest, TestProject1, Version=1.0.0.0, Culture=neutral, PublicKeyToken=null" name="validateTextBox1Test" />
    </UnitTest>
    <UnitTest name="createImageTest" storage="d:\projectz\registration\registration\testproject1\bin\debug\testproject1.dll" id="57e618bd-1940-8794-b8d0-412880009082">
      <Execution id="438c6bf0-2f89-4db7-94be-5baa50e6937e" />
      <TestMethod codeBase="D:/projectz/Registration/Registration/TestProject1/bin/Debug/TestProject1.DLL" adapterTypeName="Microsoft.VisualStudio.TestTools.TestTypes.Unit.UnitTestAdapter, Microsoft.VisualStudio.QualityTools.Tips.UnitTest.Adapter, Version=10.0.0.0, Culture=neutral, PublicKeyToken=b03f5f7f11d50a3a" className="TestProject1.RegistrationControlTest, TestProject1, Version=1.0.0.0, Culture=neutral, PublicKeyToken=null" name="createImageTest" />
    </UnitTest>
  </TestDefinitions>
  <TestLists>
    <TestList name="Results Not in a List" id="8c84fa94-04c1-424b-9868-57a2d4851a1d" />
    <TestList name="All Loaded Results" id="19431567-8539-422a-85d7-44ee4e166bda" />
  </TestLists>
  <TestEntries>
    <TestEntry testId="d7d80565-8a59-b908-391c-7d28c97b825c" executionId="7155ba25-1670-4cca-affd-6000e819e01e" testListId="8c84fa94-04c1-424b-9868-57a2d4851a1d" />
    <TestEntry testId="e05b979d-c89a-5070-3401-89843268cead" executionId="0a44d6a6-f69d-4337-99af-2b849fec2152" testListId="8c84fa94-04c1-424b-9868-57a2d4851a1d" />
    <TestEntry testId="2cb4f749-2a95-7c8f-4577-069c93d7244b" executionId="dd0a038b-6fbc-4d4c-a7d1-ec6bf096b80f" testListId="8c84fa94-04c1-424b-9868-57a2d4851a1d" />
    <TestEntry testId="647a9ee5-9d72-ebe4-d9c3-95e7fb044cf7" executionId="c3fe8bc1-3de8-4ffa-b813-5dec03151a62" testListId="8c84fa94-04c1-424b-9868-57a2d4851a1d" />
    <TestEntry testId="88f633b7-0613-dec2-001e-98d94b47287a" executionId="ec8c35cd-e841-4e0d-a4ee-737f40e06c98" testListId="8c84fa94-04c1-424b-9868-57a2d4851a1d" />
    <TestEntry testId="6377b645-3969-6cd1-d04a-37ae42951131" executionId="69e1770c-4f16-44d0-93b9-3f9933f5cdef" testListId="8c84fa94-04c1-424b-9868-57a2d4851a1d" />
    <TestEntry testId="57e618bd-1940-8794-b8d0-412880009082" executionId="438c6bf0-2f89-4db7-94be-5baa50e6937e" testListId="8c84fa94-04c1-424b-9868-57a2d4851a1d" />
  </TestEntries>
  <Results>
    <UnitTestResult executionId="7155ba25-1670-4cca-affd-6000e819e01e" testId="d7d80565-8a59-b908-391c-7d28c97b825c" testName="ComputeStringMD5HashTest" computerName="S-PC" duration="00:00:00.0393299" startTime="2012-09-26T18:29:21.9142178+03:00" endTime="2012-09-26T18:29:22.0882278+03:00" testType="13cdc9d9-ddb5-4fa4-a97d-d965ccfc6d4b" outcome="Passed" testListId="8c84fa94-04c1-424b-9868-57a2d4851a1d" relativeResultsDirectory="7155ba25-1670-4cca-affd-6000e819e01e">
    </UnitTestResult>
    <UnitTestResult executionId="0a44d6a6-f69d-4337-99af-2b849fec2152" testId="e05b979d-c89a-5070-3401-89843268cead" testName="checkCaptchaTest" computerName="S-PC" duration="00:00:00.0086144" startTime="2012-09-26T18:29:22.0892278+03:00" endTime="2012-09-26T18:29:22.1012285+03:00" testType="13cdc9d9-ddb5-4fa4-a97d-d965ccfc6d4b" outcome="Passed" testListId="8c84fa94-04c1-424b-9868-57a2d4851a1d" relativeResultsDirectory="0a44d6a6-f69d-4337-99af-2b849fec2152">
    </UnitTestResult>
    <UnitTestResult executionId="dd0a038b-6fbc-4d4c-a7d1-ec6bf096b80f" testId="2cb4f749-2a95-7c8f-4577-069c93d7244b" testName="registerCompleteTest" computerName="S-PC" duration="00:00:00.0086529" startTime="2012-09-26T18:29:22.1022286+03:00" endTime="2012-09-26T18:29:22.1132292+03:00" testType="13cdc9d9-ddb5-4fa4-a97d-d965ccfc6d4b" outcome="Passed" testListId="8c84fa94-04c1-424b-9868-57a2d4851a1d" relativeResultsDirectory="dd0a038b-6fbc-4d4c-a7d1-ec6bf096b80f">
    </UnitTestResult>
    <UnitTestResult executionId="c3fe8bc1-3de8-4ffa-b813-5dec03151a62" testId="647a9ee5-9d72-ebe4-d9c3-95e7fb044cf7" testName="validateTextBox1Test" computerName="S-PC" duration="00:00:00.0361401" startTime="2012-09-26T18:29:22.1142292+03:00" endTime="2012-09-26T18:29:22.1532315+03:00" testType="13cdc9d9-ddb5-4fa4-a97d-d965ccfc6d4b" outcome="Failed" testListId="8c84fa94-04c1-424b-9868-57a2d4851a1d" relativeResultsDirectory="c3fe8bc1-3de8-4ffa-b813-5dec03151a62">
      <Output>
        <ErrorInfo>
          <Message>Test method TestProject1.RegistrationControlTest.validateTextBox1Test threw exception: 
System.NullReferenceException: Object reference not set to an instance of an object.</Message>
          <StackTrace>    at Registration.RegistrationControl.validateTextBox1(String _login) in D:\projectz\Registration\Registration\Registration\RegistrationControl.cs:line 43
   at TestProject1.RegistrationControlTest.validateTextBox1Test() in D:\projectz\Registration\Registration\TestProject1\RegistrationControlTest.cs:line 175
</StackTrace>
        </ErrorInfo>
      </Output>
    </UnitTestResult>
    <UnitTestResult executionId="ec8c35cd-e841-4e0d-a4ee-737f40e06c98" testId="88f633b7-0613-dec2-001e-98d94b47287a" testName="validateComboBox1Test" computerName="S-PC" duration="00:00:00.0086463" startTime="2012-09-26T18:29:22.1542315+03:00" endTime="2012-09-26T18:29:22.1662322+03:00" testType="13cdc9d9-ddb5-4fa4-a97d-d965ccfc6d4b" outcome="Passed" testListId="8c84fa94-04c1-424b-9868-57a2d4851a1d" relativeResultsDirectory="ec8c35cd-e841-4e0d-a4ee-737f40e06c98">
    </UnitTestResult>
    <UnitTestResult executionId="69e1770c-4f16-44d0-93b9-3f9933f5cdef" testId="6377b645-3969-6cd1-d04a-37ae42951131" testName="createPersonTest" computerName="S-PC" duration="00:00:00.0094367" startTime="2012-09-26T18:29:22.1672323+03:00" endTime="2012-09-26T18:29:22.1802330+03:00" testType="13cdc9d9-ddb5-4fa4-a97d-d965ccfc6d4b" outcome="Passed" testListId="8c84fa94-04c1-424b-9868-57a2d4851a1d" relativeResultsDirectory="69e1770c-4f16-44d0-93b9-3f9933f5cdef">
    </UnitTestResult>
    <UnitTestResult executionId="438c6bf0-2f89-4db7-94be-5baa50e6937e" testId="57e618bd-1940-8794-b8d0-412880009082" testName="createImageTest" computerName="S-PC" duration="00:00:00.0097923" startTime="2012-09-26T18:29:22.1812331+03:00" endTime="2012-09-26T18:29:22.1932338+03:00" testType="13cdc9d9-ddb5-4fa4-a97d-d965ccfc6d4b" outcome="Passed" testListId="8c84fa94-04c1-424b-9868-57a2d4851a1d" relativeResultsDirectory="438c6bf0-2f89-4db7-94be-5baa50e6937e">
    </UnitTestResult>
  </Results>
</TestRun>