<?xml version="1.0" encoding="UTF-8"?>
<TestRun id="b754e531-4353-489a-bd0b-5ac0faa956d2" name="S@S-PC 2012-09-26 18:19:04" runUser="S-PC\S" xmlns="http://microsoft.com/schemas/VisualStudio/TeamTest/2010">
  <TestSettings name="Default Test Settings" id="e3f64987-9d8a-4454-86a1-0933596143cc">
    <Deployment runDeploymentRoot="S_S-PC 2012-09-26 18_19_04">
      <DeploymentItem filename="D:\projectz\Registration\Registration\Registration\bin\Debug\Registration.exe" />
      <DeploymentItem filename="C:\Users\S\Downloads\Bin\Net40\Newtonsoft.Json.dll" />
    </Deployment>
    <Execution>
      <TestTypeSpecific />
      <AgentRule name="Execution Agents">
      </AgentRule>
    </Execution>
  </TestSettings>
  <Times creation="2012-09-26T18:19:04.2408889+03:00" queuing="2012-09-26T18:19:04.3998980+03:00" start="2012-09-26T18:19:04.4058983+03:00" finish="2012-09-26T18:19:04.6389117+03:00" />
  <ResultSummary outcome="Failed">
    <Counters total="3" executed="3" passed="2" error="0" failed="1" timeout="0" aborted="0" inconclusive="0" passedButRunAborted="0" notRunnable="0" notExecuted="0" disconnected="0" warning="0" completed="0" inProgress="0" pending="0" />
  </ResultSummary>
  <TestDefinitions>
    <UnitTest name="ComputeStringMD5HashTest" storage="d:\projectz\registration\registration\testproject1\bin\debug\testproject1.dll" id="d7d80565-8a59-b908-391c-7d28c97b825c">
      <Execution id="07f60acb-c8be-4a07-b1c8-1045096694fa" />
      <TestMethod codeBase="D:/projectz/Registration/Registration/TestProject1/bin/Debug/TestProject1.DLL" adapterTypeName="Microsoft.VisualStudio.TestTools.TestTypes.Unit.UnitTestAdapter, Microsoft.VisualStudio.QualityTools.Tips.UnitTest.Adapter, Version=10.0.0.0, Culture=neutral, PublicKeyToken=b03f5f7f11d50a3a" className="TestProject1.RegistrationControlTest, TestProject1, Version=1.0.0.0, Culture=neutral, PublicKeyToken=null" name="ComputeStringMD5HashTest" />
    </UnitTest>
    <UnitTest name="checkCaptchaTest" storage="d:\projectz\registration\registration\testproject1\bin\debug\testproject1.dll" id="e05b979d-c89a-5070-3401-89843268cead">
      <Execution id="6a2f2103-1a41-48ed-9bf2-47b76b5ba6ef" />
      <TestMethod codeBase="D:/projectz/Registration/Registration/TestProject1/bin/Debug/TestProject1.DLL" adapterTypeName="Microsoft.VisualStudio.TestTools.TestTypes.Unit.UnitTestAdapter, Microsoft.VisualStudio.QualityTools.Tips.UnitTest.Adapter, Version=10.0.0.0, Culture=neutral, PublicKeyToken=b03f5f7f11d50a3a" className="TestProject1.RegistrationControlTest, TestProject1, Version=1.0.0.0, Culture=neutral, PublicKeyToken=null" name="checkCaptchaTest" />
    </UnitTest>
    <UnitTest name="createImageTest" storage="d:\projectz\registration\registration\testproject1\bin\debug\testproject1.dll" id="57e618bd-1940-8794-b8d0-412880009082">
      <Execution id="f1906535-c81d-4667-ad8d-867ff6a11a62" />
      <TestMethod codeBase="D:/projectz/Registration/Registration/TestProject1/bin/Debug/TestProject1.DLL" adapterTypeName="Microsoft.VisualStudio.TestTools.TestTypes.Unit.UnitTestAdapter, Microsoft.VisualStudio.QualityTools.Tips.UnitTest.Adapter, Version=10.0.0.0, Culture=neutral, PublicKeyToken=b03f5f7f11d50a3a" className="TestProject1.RegistrationControlTest, TestProject1, Version=1.0.0.0, Culture=neutral, PublicKeyToken=null" name="createImageTest" />
    </UnitTest>
  </TestDefinitions>
  <TestLists>
    <TestList name="Results Not in a List" id="8c84fa94-04c1-424b-9868-57a2d4851a1d" />
    <TestList name="All Loaded Results" id="19431567-8539-422a-85d7-44ee4e166bda" />
  </TestLists>
  <TestEntries>
    <TestEntry testId="d7d80565-8a59-b908-391c-7d28c97b825c" executionId="07f60acb-c8be-4a07-b1c8-1045096694fa" testListId="8c84fa94-04c1-424b-9868-57a2d4851a1d" />
    <TestEntry testId="e05b979d-c89a-5070-3401-89843268cead" executionId="6a2f2103-1a41-48ed-9bf2-47b76b5ba6ef" testListId="8c84fa94-04c1-424b-9868-57a2d4851a1d" />
    <TestEntry testId="57e618bd-1940-8794-b8d0-412880009082" executionId="f1906535-c81d-4667-ad8d-867ff6a11a62" testListId="8c84fa94-04c1-424b-9868-57a2d4851a1d" />
  </TestEntries>
  <Results>
    <UnitTestResult executionId="07f60acb-c8be-4a07-b1c8-1045096694fa" testId="d7d80565-8a59-b908-391c-7d28c97b825c" testName="ComputeStringMD5HashTest" computerName="S-PC" duration="00:00:00.0378853" startTime="2012-09-26T18:19:04.4078985+03:00" endTime="2012-09-26T18:19:04.5839085+03:00" testType="13cdc9d9-ddb5-4fa4-a97d-d965ccfc6d4b" outcome="Passed" testListId="8c84fa94-04c1-424b-9868-57a2d4851a1d" relativeResultsDirectory="07f60acb-c8be-4a07-b1c8-1045096694fa">
    </UnitTestResult>
    <UnitTestResult executionId="6a2f2103-1a41-48ed-9bf2-47b76b5ba6ef" testId="e05b979d-c89a-5070-3401-89843268cead" testName="checkCaptchaTest" computerName="S-PC" duration="00:00:00.0086924" startTime="2012-09-26T18:19:04.5849086+03:00" endTime="2012-09-26T18:19:04.5959092+03:00" testType="13cdc9d9-ddb5-4fa4-a97d-d965ccfc6d4b" outcome="Passed" testListId="8c84fa94-04c1-424b-9868-57a2d4851a1d" relativeResultsDirectory="6a2f2103-1a41-48ed-9bf2-47b76b5ba6ef">
    </UnitTestResult>
    <UnitTestResult executionId="f1906535-c81d-4667-ad8d-867ff6a11a62" testId="57e618bd-1940-8794-b8d0-412880009082" testName="createImageTest" computerName="S-PC" duration="00:00:00.0269335" startTime="2012-09-26T18:19:04.5969093+03:00" endTime="2012-09-26T18:19:04.6269110+03:00" testType="13cdc9d9-ddb5-4fa4-a97d-d965ccfc6d4b" outcome="Failed" testListId="8c84fa94-04c1-424b-9868-57a2d4851a1d" relativeResultsDirectory="f1906535-c81d-4667-ad8d-867ff6a11a62">
      <Output>
        <ErrorInfo>
          <Message>Test method TestProject1.RegistrationControlTest.createImageTest threw exception: 
System.ArgumentException: Parameter is not valid.</Message>
          <StackTrace>    at System.Drawing.Bitmap..ctor(Int32 width, Int32 height, PixelFormat format)
   at System.Drawing.Bitmap..ctor(Int32 width, Int32 height)
   at Registration.RegistrationControl.createImage(Int32 Width, Int32 Height) in D:\projectz\Registration\Registration\Registration\RegistrationControl.cs:line 116
   at TestProject1.RegistrationControlTest.createImageTest() in D:\projectz\Registration\Registration\TestProject1\RegistrationControlTest.cs:line 109
</StackTrace>
        </ErrorInfo>
      </Output>
    </UnitTestResult>
  </Results>
</TestRun>